0 info it worked if it ends with ok
1 verbose cli [ '/usr/local/bin/node', '/usr/local/bin/npm', 'install', 'http' ]
2 info using npm@1.2.14
3 info using node@v0.8.22
4 verbose read json /auto/bunter_usr18/kellerj/cstutor/cstutor/CSTutor/package.json
5 verbose read json /auto/bunter_usr18/kellerj/cstutor/cstutor/CSTutor/node_modules/less/package.json
6 verbose read json /auto/bunter_usr18/kellerj/cstutor/cstutor/CSTutor/node_modules/jquery/package.json
7 verbose read json /auto/bunter_usr18/kellerj/cstutor/cstutor/CSTutor/node_modules/express/package.json
8 verbose read json /auto/bunter_usr18/kellerj/cstutor/cstutor/CSTutor/node_modules/ejs/package.json
9 verbose read json /auto/bunter_usr18/kellerj/cstutor/cstutor/CSTutor/node_modules/nodemon/package.json
10 verbose read json /auto/bunter_usr18/kellerj/cstutor/cstutor/CSTutor/node_modules/less-middleware/package.json
11 verbose read json /auto/bunter_usr18/kellerj/cstutor/cstutor/CSTutor/node_modules/html/package.json
12 verbose read json /auto/bunter_usr18/kellerj/cstutor/cstutor/CSTutor/node_modules/path/package.json
13 verbose read json /auto/bunter_usr18/kellerj/cstutor/cstutor/CSTutor/node_modules/jade/package.json
14 verbose read json /auto/bunter_usr18/kellerj/cstutor/cstutor/CSTutor/node_modules/pg/package.json
15 verbose from cache /auto/bunter_usr18/kellerj/cstutor/cstutor/CSTutor/package.json
16 verbose readDependencies using package.json deps
17 verbose cache add [ 'http', null ]
18 verbose cache add name=undefined spec="http" args=["http",null]
19 verbose parsed url { pathname: 'http', path: 'http', href: 'http' }
20 silly lockFile 77b5f8e3-http http
21 verbose lock http /usr18/kellerj/.npm/77b5f8e3-http.lock
22 silly lockFile 77b5f8e3-http http
23 silly lockFile 77b5f8e3-http http
24 verbose addNamed [ 'http', '' ]
25 verbose addNamed [ null, '' ]
26 silly lockFile c1086ff9-http http@
27 verbose lock http@ /usr18/kellerj/.npm/c1086ff9-http.lock
28 silly addNameRange { name: 'http', range: '', hasData: false }
29 verbose url raw http
30 verbose url resolving [ 'https://registry.npmjs.org/', './http' ]
31 verbose url resolved https://registry.npmjs.org/http
32 info trying registry request attempt 1 at 15:18:39
33 http GET https://registry.npmjs.org/http
34 http 404 https://registry.npmjs.org/http
35 silly registry.get cb [ 404,
35 silly registry.get   { server: 'CouchDB/1.3.0 (Erlang OTP/R15B03)',
35 silly registry.get     date: 'Fri, 02 Aug 2013 19:15:43 GMT',
35 silly registry.get     'content-type': 'application/json',
35 silly registry.get     'content-length': '52',
35 silly registry.get     'cache-control': 'must-revalidate' } ]
36 silly lockFile c1086ff9-http http@
37 silly lockFile c1086ff9-http http@
38 error 404 'http' is not in the npm registry.
38 error 404 You should bug the author to publish it
38 error 404
38 error 404 Note that you can also install from a
38 error 404 tarball, folder, or http url, or git url.
39 error System Linux 3.2.0-35-generic
40 error command "/usr/local/bin/node" "/usr/local/bin/npm" "install" "http"
41 error cwd /auto/bunter_usr18/kellerj/cstutor/cstutor/CSTutor
42 error node -v v0.8.22
43 error npm -v 1.2.14
44 error code E404
45 verbose exit [ 1, true ]
